d:\信息安全综合设计实验\项目测试\client\client\debug\client.pch
d:\信息安全综合设计实验\项目测试\client\client\debug\vc141.pdb
d:\信息安全综合设计实验\项目测试\client\client\debug\vc141.idb
d:\信息安全综合设计实验\项目测试\client\client\debug\stdafx.obj
d:\信息安全综合设计实验\项目测试\client\client\debug\sm4.obj
d:\信息安全综合设计实验\项目测试\client\client\debug\sm3.obj
d:\信息安全综合设计实验\项目测试\client\client\debug\md5.obj
d:\信息安全综合设计实验\项目测试\client\client\debug\getinfo.obj
d:\信息安全综合设计实验\项目测试\client\client\debug\fileoperation.obj
d:\信息安全综合设计实验\项目测试\client\client\debug\client.obj
d:\信息安全综合设计实验\项目测试\client\client\debug\sm2.obj
d:\信息安全综合设计实验\项目测试\client\debug\client.ilk
d:\信息安全综合设计实验\项目测试\client\debug\client.exe
d:\信息安全综合设计实验\项目测试\client\debug\client.pdb
d:\信息安全综合设计实验\项目测试\client\client\debug\client.res
d:\信息安全综合设计实验\项目测试\client\client\debug\client.tlog\cl.command.1.tlog
d:\信息安全综合设计实验\项目测试\client\client\debug\client.tlog\cl.read.1.tlog
d:\信息安全综合设计实验\项目测试\client\client\debug\client.tlog\cl.write.1.tlog
d:\信息安全综合设计实验\项目测试\client\client\debug\client.tlog\link.command.1.tlog
d:\信息安全综合设计实验\项目测试\client\client\debug\client.tlog\link.read.1.tlog
d:\信息安全综合设计实验\项目测试\client\client\debug\client.tlog\link.write.1.tlog
d:\信息安全综合设计实验\项目测试\client\client\debug\client.tlog\rc.command.1.tlog
d:\信息安全综合设计实验\项目测试\client\client\debug\client.tlog\rc.read.1.tlog
d:\信息安全综合设计实验\项目测试\client\client\debug\client.tlog\rc.write.1.tlog
