d:\信息安全综合设计实验\项目测试\server\server\debug\server.pch
d:\信息安全综合设计实验\项目测试\server\server\debug\vc141.pdb
d:\信息安全综合设计实验\项目测试\server\server\debug\vc141.idb
d:\信息安全综合设计实验\项目测试\server\server\debug\stdafx.obj
d:\信息安全综合设计实验\项目测试\server\server\debug\sm4.obj
d:\信息安全综合设计实验\项目测试\server\server\debug\sm3.obj
d:\信息安全综合设计实验\项目测试\server\server\debug\server.obj
d:\信息安全综合设计实验\项目测试\server\server\debug\md5.obj
d:\信息安全综合设计实验\项目测试\server\server\debug\fileoperation.obj
d:\信息安全综合设计实验\项目测试\server\server\debug\sm2.obj
d:\信息安全综合设计实验\项目测试\server\server\debug\server.res
d:\信息安全综合设计实验\项目测试\server\debug\server.exe
d:\信息安全综合设计实验\项目测试\server\server\debug\server.tlog\cl.command.1.tlog
d:\信息安全综合设计实验\项目测试\server\server\debug\server.tlog\cl.read.1.tlog
d:\信息安全综合设计实验\项目测试\server\server\debug\server.tlog\cl.write.1.tlog
d:\信息安全综合设计实验\项目测试\server\server\debug\server.tlog\link.command.1.tlog
d:\信息安全综合设计实验\项目测试\server\server\debug\server.tlog\link.read.1.tlog
d:\信息安全综合设计实验\项目测试\server\server\debug\server.tlog\link.write.1.tlog
d:\信息安全综合设计实验\项目测试\server\server\debug\server.tlog\rc.command.1.tlog
d:\信息安全综合设计实验\项目测试\server\server\debug\server.tlog\rc.read.1.tlog
d:\信息安全综合设计实验\项目测试\server\server\debug\server.tlog\rc.write.1.tlog
